<?xml version="1.0" encoding="UTF-8"?>
<!-- Generated by org.testng.reporters.JUnitXMLReporter -->
<testsuite hostname="Molodec" name="Default test" tests="7" failures="0" timestamp="6 Jan 2016 14:45:41 GMT" time="32.485" errors="0">
  <testcase name="modifySomeGroup" time="1.935" classname="com.example.tests.GroupModificationTests"/>
  <testcase name="modifySomeContact" time="5.881" classname="com.example.tests.ContactModificationTests"/>
  <testcase name="testEmptyGroupCreation" time="1.595" classname="com.example.tests.GroupCreationTests"/>
  <testcase name="testNonEmptyGroupCreation" time="1.469" classname="com.example.tests.GroupCreationTests"/>
  <testcase name="deleteSomeContact" time="4.8" classname="com.example.tests.ContactRemovalTests"/>
  <testcase name="testNonEmptyContactCreation" time="6.599" classname="com.example.tests.ContactCreationTests"/>
  <testcase name="deleteSomeGroup" time="1.399" classname="com.example.tests.GroupRemovalTests"/>
</testsuite> <!-- Default test -->
